{"C:\\Users\\ADMIN\\Desktop\\Backend\\CRM app\\configs\\auth.config.js": {"path":"C:\\Users\\ADMIN\\Desktop\\Backend\\CRM app\\configs\\auth.config.js","statementMap":{"0":{"start":{"line":1,"column":0},"end":{"line":3,"column":1}}},"fnMap":{},"branchMap":{},"s":{"0":1},"f":{},"b":{},"_coverageSchema":"1a1c01bbd47fc00a2c39e90264f33305004495a9","hash":"8672a9c087fb81c26490290b43dc8deb97048f09"}
,"C:\\Users\\ADMIN\\Desktop\\Backend\\CRM app\\controllers\\auth.controller.js": {"path":"C:\\Users\\ADMIN\\Desktop\\Backend\\CRM app\\controllers\\auth.controller.js","statementMap":{"0":{"start":{"line":1,"column":13},"end":{"line":1,"column":44}},"1":{"start":{"line":2,"column":20},"end":{"line":2,"column":49}},"2":{"start":{"line":3,"column":18},"end":{"line":3,"column":47}},"3":{"start":{"line":4,"column":15},"end":{"line":4,"column":34}},"4":{"start":{"line":5,"column":12},"end":{"line":5,"column":35}},"5":{"start":{"line":6,"column":15},"end":{"line":6,"column":48}},"6":{"start":{"line":8,"column":0},"end":{"line":46,"column":1}},"7":{"start":{"line":10,"column":4},"end":{"line":10,"column":25}},"8":{"start":{"line":11,"column":5},"end":{"line":15,"column":9}},"9":{"start":{"line":12,"column":12},"end":{"line":12,"column":53}},"10":{"start":{"line":14,"column":12},"end":{"line":14,"column":54}},"11":{"start":{"line":17,"column":20},"end":{"line":24,"column":5}},"12":{"start":{"line":27,"column":4},"end":{"line":45,"column":5}},"13":{"start":{"line":28,"column":28},"end":{"line":28,"column":54}},"14":{"start":{"line":29,"column":29},"end":{"line":37,"column":9}},"15":{"start":{"line":39,"column":8},"end":{"line":39,"column":42}},"16":{"start":{"line":41,"column":8},"end":{"line":41,"column":75}},"17":{"start":{"line":42,"column":8},"end":{"line":44,"column":10}},"18":{"start":{"line":48,"column":0},"end":{"line":87,"column":1}},"19":{"start":{"line":49,"column":17},"end":{"line":49,"column":63}},"20":{"start":{"line":50,"column":4},"end":{"line":50,"column":21}},"21":{"start":{"line":52,"column":4},"end":{"line":57,"column":5}},"22":{"start":{"line":53,"column":8},"end":{"line":55,"column":10}},"23":{"start":{"line":56,"column":8},"end":{"line":56,"column":14}},"24":{"start":{"line":58,"column":4},"end":{"line":58,"column":32}},"25":{"start":{"line":59,"column":4},"end":{"line":64,"column":5}},"26":{"start":{"line":60,"column":8},"end":{"line":62,"column":10}},"27":{"start":{"line":63,"column":8},"end":{"line":63,"column":14}},"28":{"start":{"line":66,"column":26},"end":{"line":68,"column":5}},"29":{"start":{"line":70,"column":4},"end":{"line":76,"column":5}},"30":{"start":{"line":71,"column":8},"end":{"line":74,"column":10}},"31":{"start":{"line":75,"column":8},"end":{"line":75,"column":14}},"32":{"start":{"line":77,"column":16},"end":{"line":77,"column":83}},"33":{"start":{"line":79,"column":4},"end":{"line":86,"column":6}}},"fnMap":{"0":{"name":"(anonymous_0)","decl":{"start":{"line":8,"column":17},"end":{"line":8,"column":18}},"loc":{"start":{"line":8,"column":37},"end":{"line":46,"column":1}},"line":8},"1":{"name":"(anonymous_1)","decl":{"start":{"line":48,"column":17},"end":{"line":48,"column":18}},"loc":{"start":{"line":48,"column":37},"end":{"line":87,"column":1}},"line":48}},"branchMap":{"0":{"loc":{"start":{"line":11,"column":5},"end":{"line":15,"column":9}},"type":"if","locations":[{"start":{"line":11,"column":5},"end":{"line":15,"column":9}},{"start":{"line":13,"column":10},"end":{"line":15,"column":9}}],"line":11},"1":{"loc":{"start":{"line":11,"column":8},"end":{"line":11,"column":87}},"type":"binary-expr","locations":[{"start":{"line":11,"column":8},"end":{"line":11,"column":47}},{"start":{"line":11,"column":51},"end":{"line":11,"column":87}}],"line":11},"2":{"loc":{"start":{"line":52,"column":4},"end":{"line":57,"column":5}},"type":"if","locations":[{"start":{"line":52,"column":4},"end":{"line":57,"column":5}},{"start":{},"end":{}}],"line":52},"3":{"loc":{"start":{"line":59,"column":4},"end":{"line":64,"column":5}},"type":"if","locations":[{"start":{"line":59,"column":4},"end":{"line":64,"column":5}},{"start":{},"end":{}}],"line":59},"4":{"loc":{"start":{"line":70,"column":4},"end":{"line":76,"column":5}},"type":"if","locations":[{"start":{"line":70,"column":4},"end":{"line":76,"column":5}},{"start":{},"end":{}}],"line":70}},"s":{"0":1,"1":1,"2":1,"3":1,"4":1,"5":1,"6":1,"7":2,"8":2,"9":1,"10":1,"11":2,"12":2,"13":2,"14":1,"15":1,"16":1,"17":1,"18":1,"19":4,"20":4,"21":4,"22":1,"23":1,"24":3,"25":3,"26":1,"27":1,"28":2,"29":2,"30":1,"31":1,"32":1,"33":1},"f":{"0":2,"1":4},"b":{"0":[1,1],"1":[2,1],"2":[1,3],"3":[1,2],"4":[1,1]},"_coverageSchema":"1a1c01bbd47fc00a2c39e90264f33305004495a9","hash":"3ea4eb5490b8f303e599fc129e0271e3672d7536"}
,"C:\\Users\\ADMIN\\Desktop\\Backend\\CRM app\\controllers\\user.controller.js": {"path":"C:\\Users\\ADMIN\\Desktop\\Backend\\CRM app\\controllers\\user.controller.js","statementMap":{"0":{"start":{"line":7,"column":13},"end":{"line":7,"column":44}},"1":{"start":{"line":8,"column":24},"end":{"line":8,"column":59}},"2":{"start":{"line":10,"column":17},"end":{"line":21,"column":1}},"3":{"start":{"line":12,"column":4},"end":{"line":19,"column":5}},"4":{"start":{"line":13,"column":6},"end":{"line":13,"column":32}},"5":{"start":{"line":15,"column":6},"end":{"line":15,"column":52}},"6":{"start":{"line":16,"column":6},"end":{"line":18,"column":9}},"7":{"start":{"line":20,"column":4},"end":{"line":20,"column":16}},"8":{"start":{"line":23,"column":20},"end":{"line":37,"column":1}},"9":{"start":{"line":25,"column":5},"end":{"line":35,"column":6}},"10":{"start":{"line":26,"column":7},"end":{"line":26,"column":52}},"11":{"start":{"line":28,"column":7},"end":{"line":31,"column":9}},"12":{"start":{"line":32,"column":7},"end":{"line":34,"column":10}},"13":{"start":{"line":36,"column":5},"end":{"line":36,"column":18}},"14":{"start":{"line":39,"column":29},"end":{"line":53,"column":1}},"15":{"start":{"line":41,"column":5},"end":{"line":51,"column":6}},"16":{"start":{"line":42,"column":7},"end":{"line":43,"column":40}},"17":{"start":{"line":45,"column":7},"end":{"line":47,"column":9}},"18":{"start":{"line":48,"column":7},"end":{"line":50,"column":10}},"19":{"start":{"line":52,"column":5},"end":{"line":52,"column":18}},"20":{"start":{"line":55,"column":20},"end":{"line":68,"column":1}},"21":{"start":{"line":57,"column":5},"end":{"line":66,"column":6}},"22":{"start":{"line":58,"column":7},"end":{"line":58,"column":56}},"23":{"start":{"line":60,"column":7},"end":{"line":62,"column":9}},"24":{"start":{"line":63,"column":7},"end":{"line":65,"column":10}},"25":{"start":{"line":67,"column":5},"end":{"line":67,"column":18}},"26":{"start":{"line":70,"column":22},"end":{"line":85,"column":1}},"27":{"start":{"line":72,"column":5},"end":{"line":83,"column":6}},"28":{"start":{"line":73,"column":7},"end":{"line":75,"column":10}},"29":{"start":{"line":77,"column":7},"end":{"line":79,"column":9}},"30":{"start":{"line":80,"column":7},"end":{"line":82,"column":10}},"31":{"start":{"line":84,"column":5},"end":{"line":84,"column":18}},"32":{"start":{"line":88,"column":0},"end":{"line":107,"column":1}},"33":{"start":{"line":90,"column":22},"end":{"line":90,"column":40}},"34":{"start":{"line":91,"column":24},"end":{"line":91,"column":44}},"35":{"start":{"line":92,"column":22},"end":{"line":92,"column":36}},"36":{"start":{"line":93,"column":4},"end":{"line":93,"column":53}},"37":{"start":{"line":94,"column":4},"end":{"line":94,"column":43}},"38":{"start":{"line":95,"column":4},"end":{"line":105,"column":5}},"39":{"start":{"line":96,"column":8},"end":{"line":96,"column":46}},"40":{"start":{"line":97,"column":10},"end":{"line":105,"column":5}},"41":{"start":{"line":98,"column":8},"end":{"line":98,"column":75}},"42":{"start":{"line":99,"column":11},"end":{"line":105,"column":5}},"43":{"start":{"line":100,"column":8},"end":{"line":100,"column":51}},"44":{"start":{"line":101,"column":10},"end":{"line":105,"column":5}},"45":{"start":{"line":102,"column":8},"end":{"line":102,"column":55}},"46":{"start":{"line":104,"column":8},"end":{"line":104,"column":35}},"47":{"start":{"line":106,"column":4},"end":{"line":106,"column":61}},"48":{"start":{"line":109,"column":0},"end":{"line":128,"column":2}},"49":{"start":{"line":110,"column":20},"end":{"line":110,"column":37}},"50":{"start":{"line":112,"column":2},"end":{"line":127,"column":3}},"51":{"start":{"line":113,"column":4},"end":{"line":115,"column":7}},"52":{"start":{"line":116,"column":4},"end":{"line":122,"column":5}},"53":{"start":{"line":117,"column":6},"end":{"line":117,"column":63}},"54":{"start":{"line":119,"column":6},"end":{"line":121,"column":9}},"55":{"start":{"line":124,"column":4},"end":{"line":126,"column":7}},"56":{"start":{"line":130,"column":0},"end":{"line":153,"column":1}},"57":{"start":{"line":131,"column":22},"end":{"line":131,"column":39}},"58":{"start":{"line":132,"column":4},"end":{"line":152,"column":5}},"59":{"start":{"line":133,"column":21},"end":{"line":137,"column":17}},"60":{"start":{"line":138,"column":9},"end":{"line":146,"column":10}},"61":{"start":{"line":139,"column":11},"end":{"line":141,"column":14}},"62":{"start":{"line":143,"column":11},"end":{"line":145,"column":14}},"63":{"start":{"line":148,"column":8},"end":{"line":148,"column":49}},"64":{"start":{"line":149,"column":8},"end":{"line":151,"column":10}}},"fnMap":{"0":{"name":"(anonymous_0)","decl":{"start":{"line":10,"column":17},"end":{"line":10,"column":18}},"loc":{"start":{"line":10,"column":30},"end":{"line":21,"column":1}},"line":10},"1":{"name":"(anonymous_1)","decl":{"start":{"line":23,"column":20},"end":{"line":23,"column":21}},"loc":{"start":{"line":23,"column":48},"end":{"line":37,"column":1}},"line":23},"2":{"name":"(anonymous_2)","decl":{"start":{"line":39,"column":29},"end":{"line":39,"column":30}},"loc":{"start":{"line":39,"column":72},"end":{"line":53,"column":1}},"line":39},"3":{"name":"(anonymous_3)","decl":{"start":{"line":55,"column":20},"end":{"line":55,"column":21}},"loc":{"start":{"line":55,"column":48},"end":{"line":68,"column":1}},"line":55},"4":{"name":"(anonymous_4)","decl":{"start":{"line":70,"column":22},"end":{"line":70,"column":23}},"loc":{"start":{"line":70,"column":52},"end":{"line":85,"column":1}},"line":70},"5":{"name":"(anonymous_5)","decl":{"start":{"line":88,"column":18},"end":{"line":88,"column":19}},"loc":{"start":{"line":88,"column":38},"end":{"line":107,"column":1}},"line":88},"6":{"name":"(anonymous_6)","decl":{"start":{"line":109,"column":19},"end":{"line":109,"column":20}},"loc":{"start":{"line":109,"column":39},"end":{"line":128,"column":1}},"line":109},"7":{"name":"(anonymous_7)","decl":{"start":{"line":130,"column":17},"end":{"line":130,"column":18}},"loc":{"start":{"line":130,"column":37},"end":{"line":153,"column":1}},"line":130}},"branchMap":{"0":{"loc":{"start":{"line":95,"column":4},"end":{"line":105,"column":5}},"type":"if","locations":[{"start":{"line":95,"column":4},"end":{"line":105,"column":5}},{"start":{"line":97,"column":10},"end":{"line":105,"column":5}}],"line":95},"1":{"loc":{"start":{"line":97,"column":10},"end":{"line":105,"column":5}},"type":"if","locations":[{"start":{"line":97,"column":10},"end":{"line":105,"column":5}},{"start":{"line":99,"column":11},"end":{"line":105,"column":5}}],"line":97},"2":{"loc":{"start":{"line":97,"column":13},"end":{"line":97,"column":41}},"type":"binary-expr","locations":[{"start":{"line":97,"column":13},"end":{"line":97,"column":24}},{"start":{"line":97,"column":28},"end":{"line":97,"column":41}}],"line":97},"3":{"loc":{"start":{"line":99,"column":11},"end":{"line":105,"column":5}},"type":"if","locations":[{"start":{"line":99,"column":11},"end":{"line":105,"column":5}},{"start":{"line":101,"column":10},"end":{"line":105,"column":5}}],"line":99},"4":{"loc":{"start":{"line":101,"column":10},"end":{"line":105,"column":5}},"type":"if","locations":[{"start":{"line":101,"column":10},"end":{"line":105,"column":5}},{"start":{"line":103,"column":9},"end":{"line":105,"column":5}}],"line":101},"5":{"loc":{"start":{"line":116,"column":4},"end":{"line":122,"column":5}},"type":"if","locations":[{"start":{"line":116,"column":4},"end":{"line":122,"column":5}},{"start":{"line":118,"column":11},"end":{"line":122,"column":5}}],"line":116},"6":{"loc":{"start":{"line":138,"column":9},"end":{"line":146,"column":10}},"type":"if","locations":[{"start":{"line":138,"column":9},"end":{"line":146,"column":10}},{"start":{"line":142,"column":16},"end":{"line":146,"column":10}}],"line":138}},"s":{"0":1,"1":1,"2":1,"3":0,"4":0,"5":0,"6":0,"7":0,"8":1,"9":0,"10":0,"11":0,"12":0,"13":0,"14":1,"15":0,"16":0,"17":0,"18":0,"19":0,"20":1,"21":0,"22":0,"23":0,"24":0,"25":0,"26":1,"27":0,"28":0,"29":0,"30":0,"31":0,"32":1,"33":0,"34":0,"35":0,"36":0,"37":0,"38":0,"39":0,"40":0,"41":0,"42":0,"43":0,"44":0,"45":0,"46":0,"47":0,"48":1,"49":3,"50":3,"51":3,"52":3,"53":2,"54":1,"55":1,"56":1,"57":3,"58":3,"59":3,"60":2,"61":1,"62":1,"63":1,"64":1},"f":{"0":0,"1":0,"2":0,"3":0,"4":0,"5":0,"6":3,"7":3},"b":{"0":[0,0],"1":[0,0],"2":[0,0],"3":[0,0],"4":[0,0],"5":[2,1],"6":[1,1]},"_coverageSchema":"1a1c01bbd47fc00a2c39e90264f33305004495a9","hash":"87d88a586cd871d8fe90ca1256c7794f6576e7ca"}
,"C:\\Users\\ADMIN\\Desktop\\Backend\\CRM app\\models\\user.model.js": {"path":"C:\\Users\\ADMIN\\Desktop\\Backend\\CRM app\\models\\user.model.js","statementMap":{"0":{"start":{"line":1,"column":17},"end":{"line":1,"column":36}},"1":{"start":{"line":4,"column":19},"end":{"line":52,"column":2}},"2":{"start":{"line":28,"column":19},"end":{"line":28,"column":29}},"3":{"start":{"line":32,"column":19},"end":{"line":32,"column":29}},"4":{"start":{"line":54,"column":0},"end":{"line":54,"column":51}}},"fnMap":{"0":{"name":"(anonymous_0)","decl":{"start":{"line":28,"column":13},"end":{"line":28,"column":14}},"loc":{"start":{"line":28,"column":19},"end":{"line":28,"column":29}},"line":28},"1":{"name":"(anonymous_1)","decl":{"start":{"line":32,"column":13},"end":{"line":32,"column":14}},"loc":{"start":{"line":32,"column":19},"end":{"line":32,"column":29}},"line":32}},"branchMap":{},"s":{"0":2,"1":2,"2":1,"3":1,"4":2},"f":{"0":1,"1":1},"b":{},"_coverageSchema":"1a1c01bbd47fc00a2c39e90264f33305004495a9","hash":"d63f035b338361a4b5f40fa2d9c4bb41d919d643"}
,"C:\\Users\\ADMIN\\Desktop\\Backend\\CRM app\\tests\\db.js": {"path":"C:\\Users\\ADMIN\\Desktop\\Backend\\CRM app\\tests\\db.js","statementMap":{"0":{"start":{"line":1,"column":28},"end":{"line":1,"column":60}},"1":{"start":{"line":2,"column":17},"end":{"line":2,"column":36}},"2":{"start":{"line":5,"column":0},"end":{"line":15,"column":1}},"3":{"start":{"line":6,"column":4},"end":{"line":14,"column":5}},"4":{"start":{"line":7,"column":8},"end":{"line":7,"column":49}},"5":{"start":{"line":8,"column":20},"end":{"line":8,"column":35}},"6":{"start":{"line":9,"column":28},"end":{"line":12,"column":9}},"7":{"start":{"line":13,"column":8},"end":{"line":13,"column":42}},"8":{"start":{"line":17,"column":0},"end":{"line":21,"column":1}},"9":{"start":{"line":18,"column":4},"end":{"line":18,"column":44}},"10":{"start":{"line":19,"column":4},"end":{"line":19,"column":37}},"11":{"start":{"line":20,"column":4},"end":{"line":20,"column":34}},"12":{"start":{"line":20,"column":15},"end":{"line":20,"column":34}},"13":{"start":{"line":23,"column":0},"end":{"line":29,"column":1}},"14":{"start":{"line":24,"column":24},"end":{"line":24,"column":61}},"15":{"start":{"line":25,"column":4},"end":{"line":28,"column":5}},"16":{"start":{"line":26,"column":27},"end":{"line":26,"column":43}},"17":{"start":{"line":27,"column":8},"end":{"line":27,"column":37}}},"fnMap":{"0":{"name":"(anonymous_0)","decl":{"start":{"line":5,"column":18},"end":{"line":5,"column":19}},"loc":{"start":{"line":5,"column":30},"end":{"line":15,"column":1}},"line":5},"1":{"name":"(anonymous_1)","decl":{"start":{"line":17,"column":23},"end":{"line":17,"column":24}},"loc":{"start":{"line":17,"column":35},"end":{"line":21,"column":1}},"line":17},"2":{"name":"(anonymous_2)","decl":{"start":{"line":23,"column":24},"end":{"line":23,"column":25}},"loc":{"start":{"line":23,"column":36},"end":{"line":29,"column":1}},"line":23}},"branchMap":{"0":{"loc":{"start":{"line":6,"column":4},"end":{"line":14,"column":5}},"type":"if","locations":[{"start":{"line":6,"column":4},"end":{"line":14,"column":5}},{"start":{},"end":{}}],"line":6},"1":{"loc":{"start":{"line":20,"column":4},"end":{"line":20,"column":34}},"type":"if","locations":[{"start":{"line":20,"column":4},"end":{"line":20,"column":34}},{"start":{},"end":{}}],"line":20}},"s":{"0":1,"1":1,"2":1,"3":1,"4":1,"5":1,"6":1,"7":1,"8":1,"9":1,"10":1,"11":1,"12":1,"13":1,"14":6,"15":6,"16":6,"17":6},"f":{"0":1,"1":1,"2":6},"b":{"0":[1,0],"1":[1,0]},"_coverageSchema":"1a1c01bbd47fc00a2c39e90264f33305004495a9","hash":"97206043f708de838dfd0d23cffd101cb808e4c5"}
,"C:\\Users\\ADMIN\\Desktop\\Backend\\CRM app\\tests\\interceptor.js": {"path":"C:\\Users\\ADMIN\\Desktop\\Backend\\CRM app\\tests\\interceptor.js","statementMap":{"0":{"start":{"line":1,"column":0},"end":{"line":15,"column":1}},"1":{"start":{"line":3,"column":20},"end":{"line":3,"column":22}},"2":{"start":{"line":4,"column":8},"end":{"line":4,"column":49}},"3":{"start":{"line":5,"column":8},"end":{"line":5,"column":51}},"4":{"start":{"line":6,"column":8},"end":{"line":6,"column":18}},"5":{"start":{"line":9,"column":20},"end":{"line":9,"column":22}},"6":{"start":{"line":10,"column":8},"end":{"line":10,"column":49}},"7":{"start":{"line":11,"column":8},"end":{"line":11,"column":51}},"8":{"start":{"line":12,"column":8},"end":{"line":12,"column":49}},"9":{"start":{"line":13,"column":8},"end":{"line":13,"column":18}}},"fnMap":{"0":{"name":"(anonymous_0)","decl":{"start":{"line":2,"column":17},"end":{"line":2,"column":18}},"loc":{"start":{"line":2,"column":21},"end":{"line":7,"column":5}},"line":2},"1":{"name":"(anonymous_1)","decl":{"start":{"line":8,"column":18},"end":{"line":8,"column":19}},"loc":{"start":{"line":8,"column":22},"end":{"line":14,"column":5}},"line":8}},"branchMap":{},"s":{"0":2,"1":12,"2":12,"3":12,"4":12,"5":12,"6":12,"7":12,"8":12,"9":12},"f":{"0":12,"1":12},"b":{},"_coverageSchema":"1a1c01bbd47fc00a2c39e90264f33305004495a9","hash":"0daec34e715775478265a129c26600e94f1bcfbd"}
,"C:\\Users\\ADMIN\\Desktop\\Backend\\CRM app\\utils\\constants.js": {"path":"C:\\Users\\ADMIN\\Desktop\\Backend\\CRM app\\utils\\constants.js","statementMap":{"0":{"start":{"line":1,"column":0},"end":{"line":18,"column":1}}},"fnMap":{},"branchMap":{},"s":{"0":1},"f":{},"b":{},"_coverageSchema":"1a1c01bbd47fc00a2c39e90264f33305004495a9","hash":"287b0f4a9e643c141bf7597a2a9640c2026af810"}
,"C:\\Users\\ADMIN\\Desktop\\Backend\\CRM app\\utils\\objectConverter.js": {"path":"C:\\Users\\ADMIN\\Desktop\\Backend\\CRM app\\utils\\objectConverter.js","statementMap":{"0":{"start":{"line":1,"column":0},"end":{"line":13,"column":2}},"1":{"start":{"line":2,"column":20},"end":{"line":2,"column":22}},"2":{"start":{"line":3,"column":2},"end":{"line":11,"column":5}},"3":{"start":{"line":4,"column":4},"end":{"line":10,"column":7}},"4":{"start":{"line":12,"column":2},"end":{"line":12,"column":21}},"5":{"start":{"line":15,"column":0},"end":{"line":27,"column":1}},"6":{"start":{"line":16,"column":2},"end":{"line":26,"column":3}},"7":{"start":{"line":29,"column":0},"end":{"line":35,"column":2}},"8":{"start":{"line":30,"column":21},"end":{"line":30,"column":23}},"9":{"start":{"line":31,"column":2},"end":{"line":33,"column":5}},"10":{"start":{"line":32,"column":4},"end":{"line":32,"column":61}},"11":{"start":{"line":34,"column":2},"end":{"line":34,"column":22}}},"fnMap":{"0":{"name":"(anonymous_0)","decl":{"start":{"line":1,"column":23},"end":{"line":1,"column":24}},"loc":{"start":{"line":1,"column":34},"end":{"line":13,"column":1}},"line":1},"1":{"name":"(anonymous_1)","decl":{"start":{"line":3,"column":16},"end":{"line":3,"column":17}},"loc":{"start":{"line":3,"column":26},"end":{"line":11,"column":3}},"line":3},"2":{"name":"(anonymous_2)","decl":{"start":{"line":15,"column":25},"end":{"line":15,"column":26}},"loc":{"start":{"line":15,"column":37},"end":{"line":27,"column":1}},"line":15},"3":{"name":"(anonymous_3)","decl":{"start":{"line":29,"column":29},"end":{"line":29,"column":30}},"loc":{"start":{"line":29,"column":42},"end":{"line":35,"column":1}},"line":29},"4":{"name":"(anonymous_4)","decl":{"start":{"line":31,"column":18},"end":{"line":31,"column":19}},"loc":{"start":{"line":31,"column":30},"end":{"line":33,"column":3}},"line":31}},"branchMap":{},"s":{"0":1,"1":2,"2":2,"3":1,"4":1,"5":1,"6":0,"7":1,"8":0,"9":0,"10":0,"11":0},"f":{"0":2,"1":1,"2":0,"3":0,"4":0},"b":{},"_coverageSchema":"1a1c01bbd47fc00a2c39e90264f33305004495a9","hash":"b858c9f839cbdb453e79b0ff9774add128c62b77"}
}
