TN:
SF:configs\auth.config.js
FNF:0
FNH:0
DA:1,1
LF:1
LH:1
BRF:0
BRH:0
end_of_record
TN:
SF:controllers\auth.controller.js
FN:8,(anonymous_0)
FN:48,(anonymous_1)
FNF:2
FNH:2
FNDA:2,(anonymous_0)
FNDA:4,(anonymous_1)
DA:1,1
DA:2,1
DA:3,1
DA:4,1
DA:5,1
DA:6,1
DA:8,1
DA:10,2
DA:11,2
DA:12,1
DA:14,1
DA:17,2
DA:27,2
DA:28,2
DA:29,1
DA:39,1
DA:41,1
DA:42,1
DA:48,1
DA:49,4
DA:50,4
DA:52,4
DA:53,1
DA:56,1
DA:58,3
DA:59,3
DA:60,1
DA:63,1
DA:66,2
DA:70,2
DA:71,1
DA:75,1
DA:77,1
DA:79,1
LF:34
LH:34
BRDA:11,0,0,1
BRDA:11,0,1,1
BRDA:11,1,0,2
BRDA:11,1,1,1
BRDA:52,2,0,1
BRDA:52,2,1,3
BRDA:59,3,0,1
BRDA:59,3,1,2
BRDA:70,4,0,1
BRDA:70,4,1,1
BRF:10
BRH:10
end_of_record
TN:
SF:controllers\user.controller.js
FN:10,(anonymous_0)
FN:23,(anonymous_1)
FN:39,(anonymous_2)
FN:55,(anonymous_3)
FN:70,(anonymous_4)
FN:88,(anonymous_5)
FN:109,(anonymous_6)
FN:130,(anonymous_7)
FNF:8
FNH:2
FNDA:0,(anonymous_0)
FNDA:0,(anonymous_1)
FNDA:0,(anonymous_2)
FNDA:0,(anonymous_3)
FNDA:0,(anonymous_4)
FNDA:0,(anonymous_5)
FNDA:3,(anonymous_6)
FNDA:3,(anonymous_7)
DA:7,1
DA:8,1
DA:10,1
DA:12,0
DA:13,0
DA:15,0
DA:16,0
DA:20,0
DA:23,1
DA:25,0
DA:26,0
DA:28,0
DA:32,0
DA:36,0
DA:39,1
DA:41,0
DA:42,0
DA:45,0
DA:48,0
DA:52,0
DA:55,1
DA:57,0
DA:58,0
DA:60,0
DA:63,0
DA:67,0
DA:70,1
DA:72,0
DA:73,0
DA:77,0
DA:80,0
DA:84,0
DA:88,1
DA:90,0
DA:91,0
DA:92,0
DA:93,0
DA:94,0
DA:95,0
DA:96,0
DA:97,0
DA:98,0
DA:99,0
DA:100,0
DA:101,0
DA:102,0
DA:104,0
DA:106,0
DA:109,1
DA:110,3
DA:112,3
DA:113,3
DA:116,3
DA:117,2
DA:119,1
DA:124,1
DA:130,1
DA:131,3
DA:132,3
DA:133,3
DA:138,2
DA:139,1
DA:143,1
DA:148,1
DA:149,1
LF:65
LH:25
BRDA:95,0,0,0
BRDA:95,0,1,0
BRDA:97,1,0,0
BRDA:97,1,1,0
BRDA:97,2,0,0
BRDA:97,2,1,0
BRDA:99,3,0,0
BRDA:99,3,1,0
BRDA:101,4,0,0
BRDA:101,4,1,0
BRDA:116,5,0,2
BRDA:116,5,1,1
BRDA:138,6,0,1
BRDA:138,6,1,1
BRF:14
BRH:4
end_of_record
TN:
SF:models\user.model.js
FN:28,(anonymous_0)
FN:32,(anonymous_1)
FNF:2
FNH:2
FNDA:1,(anonymous_0)
FNDA:1,(anonymous_1)
DA:1,2
DA:4,2
DA:28,1
DA:32,1
DA:54,2
LF:5
LH:5
BRF:0
BRH:0
end_of_record
TN:
SF:tests\db.js
FN:5,(anonymous_0)
FN:17,(anonymous_1)
FN:23,(anonymous_2)
FNF:3
FNH:3
FNDA:1,(anonymous_0)
FNDA:1,(anonymous_1)
FNDA:6,(anonymous_2)
DA:1,1
DA:2,1
DA:5,1
DA:6,1
DA:7,1
DA:8,1
DA:9,1
DA:13,1
DA:17,1
DA:18,1
DA:19,1
DA:20,1
DA:23,1
DA:24,6
DA:25,6
DA:26,6
DA:27,6
LF:17
LH:17
BRDA:6,0,0,1
BRDA:6,0,1,0
BRDA:20,1,0,1
BRDA:20,1,1,0
BRF:4
BRH:2
end_of_record
TN:
SF:tests\interceptor.js
FN:2,(anonymous_0)
FN:8,(anonymous_1)
FNF:2
FNH:2
FNDA:12,(anonymous_0)
FNDA:12,(anonymous_1)
DA:1,2
DA:3,12
DA:4,12
DA:5,12
DA:6,12
DA:9,12
DA:10,12
DA:11,12
DA:12,12
DA:13,12
LF:10
LH:10
BRF:0
BRH:0
end_of_record
TN:
SF:utils\constants.js
FNF:0
FNH:0
DA:1,1
LF:1
LH:1
BRF:0
BRH:0
end_of_record
TN:
SF:utils\objectConverter.js
FN:1,(anonymous_0)
FN:3,(anonymous_1)
FN:15,(anonymous_2)
FN:29,(anonymous_3)
FN:31,(anonymous_4)
FNF:5
FNH:2
FNDA:2,(anonymous_0)
FNDA:1,(anonymous_1)
FNDA:0,(anonymous_2)
FNDA:0,(anonymous_3)
FNDA:0,(anonymous_4)
DA:1,1
DA:2,2
DA:3,2
DA:4,1
DA:12,1
DA:15,1
DA:16,0
DA:29,1
DA:30,0
DA:31,0
DA:32,0
DA:34,0
LF:12
LH:7
BRF:0
BRH:0
end_of_record
